E:\LEIDOTA\COCOS2D\COCOS\EDITOR-SUPPORT\COCOSTUDIO\PROJ.WIN32\DEBUG.WIN32\CCACTIONTIMELINE.OBJ
E:\LEIDOTA\COCOS2D\COCOS\EDITOR-SUPPORT\COCOSTUDIO\PROJ.WIN32\DEBUG.WIN32\CCACTIONTIMELINECACHE.OBJ
E:\LEIDOTA\COCOS2D\COCOS\EDITOR-SUPPORT\COCOSTUDIO\PROJ.WIN32\DEBUG.WIN32\CCTIMELINE.OBJ
E:\LEIDOTA\COCOS2D\COCOS\EDITOR-SUPPORT\COCOSTUDIO\PROJ.WIN32\DEBUG.WIN32\CCACTIONNODE.OBJ
E:\LEIDOTA\COCOS2D\COCOS\EDITOR-SUPPORT\COCOSTUDIO\PROJ.WIN32\DEBUG.WIN32\CCARMATURE.OBJ
E:\LEIDOTA\COCOS2D\COCOS\EDITOR-SUPPORT\COCOSTUDIO\PROJ.WIN32\DEBUG.WIN32\CCARMATUREDATAMANAGER.OBJ
E:\LEIDOTA\COCOS2D\COCOS\EDITOR-SUPPORT\COCOSTUDIO\PROJ.WIN32\DEBUG.WIN32\CCBONE.OBJ
E:\LEIDOTA\COCOS2D\COCOS\EDITOR-SUPPORT\COCOSTUDIO\PROJ.WIN32\DEBUG.WIN32\CCCOMAUDIO.OBJ
E:\LEIDOTA\COCOS2D\COCOS\EDITOR-SUPPORT\COCOSTUDIO\PROJ.WIN32\DEBUG.WIN32\CCCOMRENDER.OBJ
E:\LEIDOTA\COCOS2D\COCOS\EDITOR-SUPPORT\COCOSTUDIO\PROJ.WIN32\DEBUG.WIN32\CCDECORATIVEDISPLAY.OBJ
E:\LEIDOTA\COCOS2D\COCOS\EDITOR-SUPPORT\COCOSTUDIO\PROJ.WIN32\DEBUG.WIN32\CCDISPLAYMANAGER.OBJ
E:\LEIDOTA\COCOS2D\COCOS\EDITOR-SUPPORT\COCOSTUDIO\PROJ.WIN32\DEBUG.WIN32\CCPROCESSBASE.OBJ
E:\LEIDOTA\COCOS2D\COCOS\EDITOR-SUPPORT\COCOSTUDIO\PROJ.WIN32\DEBUG.WIN32\CCSGUIREADER.OBJ
E:\LEIDOTA\COCOS2D\COCOS\EDITOR-SUPPORT\COCOSTUDIO\PROJ.WIN32\DEBUG.WIN32\CCSSCENEREADER.OBJ
E:\LEIDOTA\COCOS2D\COCOS\EDITOR-SUPPORT\COCOSTUDIO\PROJ.WIN32\DEBUG.WIN32\CCUTILMATH.OBJ
E:\LEIDOTA\COCOS2D\COCOS\EDITOR-SUPPORT\COCOSTUDIO\PROJ.WIN32\DEBUG.WIN32\TRIGGERMNG.OBJ
E:\LEIDOTA\COCOS2D\COCOS\EDITOR-SUPPORT\COCOSTUDIO\PROJ.WIN32\DEBUG.WIN32\TRIGGEROBJ.OBJ
E:\LEIDOTA\COCOS2D\COCOS\EDITOR-SUPPORT\COCOSTUDIO\PROJ.WIN32\DEBUG.WIN32\CHECKBOXREADER.OBJ
E:\LEIDOTA\COCOS2D\COCOS\EDITOR-SUPPORT\COCOSTUDIO\PROJ.WIN32\DEBUG.WIN32\LAYOUTREADER.OBJ
E:\LEIDOTA\COCOS2D\COCOS\EDITOR-SUPPORT\COCOSTUDIO\PROJ.WIN32\DEBUG.WIN32\LOADINGBARREADER.OBJ
E:\LEIDOTA\COCOS2D\COCOS\EDITOR-SUPPORT\COCOSTUDIO\PROJ.WIN32\DEBUG.WIN32\SCROLLVIEWREADER.OBJ
E:\LEIDOTA\COCOS2D\COCOS\EDITOR-SUPPORT\COCOSTUDIO\PROJ.WIN32\DEBUG.WIN32\SLIDERREADER.OBJ
E:\LEIDOTA\COCOS2D\COCOS\EDITOR-SUPPORT\COCOSTUDIO\PROJ.WIN32\DEBUG.WIN32\TEXTBMFONTREADER.OBJ
E:\LEIDOTA\COCOS2D\COCOS\EDITOR-SUPPORT\COCOSTUDIO\PROJ.WIN32\DEBUG.WIN32\TEXTREADER.OBJ
E:\LEIDOTA\COCOS2D\COCOS\EDITOR-SUPPORT\COCOSTUDIO\PROJ.WIN32\DEBUG.WIN32\WIDGETREADER.OBJ
E:\LEIDOTA\COCOS2D\COCOS\EDITOR-SUPPORT\COCOSTUDIO\PROJ.WIN32\DEBUG.WIN32\CCFRAME.OBJ
E:\LEIDOTA\COCOS2D\COCOS\EDITOR-SUPPORT\COCOSTUDIO\PROJ.WIN32\DEBUG.WIN32\CCNODEREADER.OBJ
E:\LEIDOTA\COCOS2D\COCOS\EDITOR-SUPPORT\COCOSTUDIO\PROJ.WIN32\DEBUG.WIN32\CCACTIONFRAME.OBJ
E:\LEIDOTA\COCOS2D\COCOS\EDITOR-SUPPORT\COCOSTUDIO\PROJ.WIN32\DEBUG.WIN32\CCACTIONFRAMEEASING.OBJ
E:\LEIDOTA\COCOS2D\COCOS\EDITOR-SUPPORT\COCOSTUDIO\PROJ.WIN32\DEBUG.WIN32\CCACTIONMANAGEREX.OBJ
E:\LEIDOTA\COCOS2D\COCOS\EDITOR-SUPPORT\COCOSTUDIO\PROJ.WIN32\DEBUG.WIN32\CCACTIONOBJECT.OBJ
E:\LEIDOTA\COCOS2D\COCOS\EDITOR-SUPPORT\COCOSTUDIO\PROJ.WIN32\DEBUG.WIN32\CCARMATUREANIMATION.OBJ
E:\LEIDOTA\COCOS2D\COCOS\EDITOR-SUPPORT\COCOSTUDIO\PROJ.WIN32\DEBUG.WIN32\CCARMATUREDEFINE.OBJ
E:\LEIDOTA\COCOS2D\COCOS\EDITOR-SUPPORT\COCOSTUDIO\PROJ.WIN32\DEBUG.WIN32\CCBATCHNODE.OBJ
E:\LEIDOTA\COCOS2D\COCOS\EDITOR-SUPPORT\COCOSTUDIO\PROJ.WIN32\DEBUG.WIN32\CCCOLLIDERDETECTOR.OBJ
E:\LEIDOTA\COCOS2D\COCOS\EDITOR-SUPPORT\COCOSTUDIO\PROJ.WIN32\DEBUG.WIN32\CCCOMATTRIBUTE.OBJ
E:\LEIDOTA\COCOS2D\COCOS\EDITOR-SUPPORT\COCOSTUDIO\PROJ.WIN32\DEBUG.WIN32\CCCOMCONTROLLER.OBJ
E:\LEIDOTA\COCOS2D\COCOS\EDITOR-SUPPORT\COCOSTUDIO\PROJ.WIN32\DEBUG.WIN32\CCDATAREADERHELPER.OBJ
E:\LEIDOTA\COCOS2D\COCOS\EDITOR-SUPPORT\COCOSTUDIO\PROJ.WIN32\DEBUG.WIN32\CCDATAS.OBJ
E:\LEIDOTA\COCOS2D\COCOS\EDITOR-SUPPORT\COCOSTUDIO\PROJ.WIN32\DEBUG.WIN32\CCDISPLAYFACTORY.OBJ
E:\LEIDOTA\COCOS2D\COCOS\EDITOR-SUPPORT\COCOSTUDIO\PROJ.WIN32\DEBUG.WIN32\CCINPUTDELEGATE.OBJ
E:\LEIDOTA\COCOS2D\COCOS\EDITOR-SUPPORT\COCOSTUDIO\PROJ.WIN32\DEBUG.WIN32\CCSKIN.OBJ
E:\LEIDOTA\COCOS2D\COCOS\EDITOR-SUPPORT\COCOSTUDIO\PROJ.WIN32\DEBUG.WIN32\CCSPRITEFRAMECACHEHELPER.OBJ
E:\LEIDOTA\COCOS2D\COCOS\EDITOR-SUPPORT\COCOSTUDIO\PROJ.WIN32\DEBUG.WIN32\CCTRANSFORMHELP.OBJ
E:\LEIDOTA\COCOS2D\COCOS\EDITOR-SUPPORT\COCOSTUDIO\PROJ.WIN32\DEBUG.WIN32\CCTWEEN.OBJ
E:\LEIDOTA\COCOS2D\COCOS\EDITOR-SUPPORT\COCOSTUDIO\PROJ.WIN32\DEBUG.WIN32\COCOLOADER.OBJ
E:\LEIDOTA\COCOS2D\COCOS\EDITOR-SUPPORT\COCOSTUDIO\PROJ.WIN32\DEBUG.WIN32\DICTIONARYHELPER.OBJ
E:\LEIDOTA\COCOS2D\COCOS\EDITOR-SUPPORT\COCOSTUDIO\PROJ.WIN32\DEBUG.WIN32\TRIGGERBASE.OBJ
E:\LEIDOTA\COCOS2D\COCOS\EDITOR-SUPPORT\COCOSTUDIO\PROJ.WIN32\DEBUG.WIN32\BUTTONREADER.OBJ
E:\LEIDOTA\COCOS2D\COCOS\EDITOR-SUPPORT\COCOSTUDIO\PROJ.WIN32\DEBUG.WIN32\IMAGEVIEWREADER.OBJ
E:\LEIDOTA\COCOS2D\COCOS\EDITOR-SUPPORT\COCOSTUDIO\PROJ.WIN32\DEBUG.WIN32\LISTVIEWREADER.OBJ
E:\LEIDOTA\COCOS2D\COCOS\EDITOR-SUPPORT\COCOSTUDIO\PROJ.WIN32\DEBUG.WIN32\PAGEVIEWREADER.OBJ
E:\LEIDOTA\COCOS2D\COCOS\EDITOR-SUPPORT\COCOSTUDIO\PROJ.WIN32\DEBUG.WIN32\TEXTATLASREADER.OBJ
E:\LEIDOTA\COCOS2D\COCOS\EDITOR-SUPPORT\COCOSTUDIO\PROJ.WIN32\DEBUG.WIN32\TEXTFIELDREADER.OBJ
E:\SWORDSMAN\PROJ.WIN32\DEBUG.WIN32\LIBCOCOSSTUDIO.LIB
E:\LEIDOTA\PROJ.WIN32\DEBUG.WIN32\LIBCOCOSSTUDIO.LIB
E:\leidota\cocos2d\cocos\editor-support\cocostudio\proj.win32\Debug.win32\ButtonReader.obj
E:\leidota\cocos2d\cocos\editor-support\cocostudio\proj.win32\Debug.win32\CCActionFrame.obj
E:\leidota\cocos2d\cocos\editor-support\cocostudio\proj.win32\Debug.win32\CCActionFrameEasing.obj
E:\leidota\cocos2d\cocos\editor-support\cocostudio\proj.win32\Debug.win32\CCActionManagerEx.obj
E:\leidota\cocos2d\cocos\editor-support\cocostudio\proj.win32\Debug.win32\CCActionNode.obj
E:\leidota\cocos2d\cocos\editor-support\cocostudio\proj.win32\Debug.win32\CCActionObject.obj
E:\leidota\cocos2d\cocos\editor-support\cocostudio\proj.win32\Debug.win32\CCActionTimeline.obj
E:\leidota\cocos2d\cocos\editor-support\cocostudio\proj.win32\Debug.win32\CCActionTimelineCache.obj
E:\leidota\cocos2d\cocos\editor-support\cocostudio\proj.win32\Debug.win32\CCArmature.obj
E:\leidota\cocos2d\cocos\editor-support\cocostudio\proj.win32\Debug.win32\CCArmatureAnimation.obj
E:\leidota\cocos2d\cocos\editor-support\cocostudio\proj.win32\Debug.win32\CCArmatureDataManager.obj
E:\leidota\cocos2d\cocos\editor-support\cocostudio\proj.win32\Debug.win32\CCArmatureDefine.obj
E:\leidota\cocos2d\cocos\editor-support\cocostudio\proj.win32\Debug.win32\CCBatchNode.obj
E:\leidota\cocos2d\cocos\editor-support\cocostudio\proj.win32\Debug.win32\CCBone.obj
E:\leidota\cocos2d\cocos\editor-support\cocostudio\proj.win32\Debug.win32\CCColliderDetector.obj
E:\leidota\cocos2d\cocos\editor-support\cocostudio\proj.win32\Debug.win32\CCComAttribute.obj
E:\leidota\cocos2d\cocos\editor-support\cocostudio\proj.win32\Debug.win32\CCComAudio.obj
E:\leidota\cocos2d\cocos\editor-support\cocostudio\proj.win32\Debug.win32\CCComController.obj
E:\leidota\cocos2d\cocos\editor-support\cocostudio\proj.win32\Debug.win32\CCComRender.obj
E:\leidota\cocos2d\cocos\editor-support\cocostudio\proj.win32\Debug.win32\CCDataReaderHelper.obj
E:\leidota\cocos2d\cocos\editor-support\cocostudio\proj.win32\Debug.win32\CCDatas.obj
E:\leidota\cocos2d\cocos\editor-support\cocostudio\proj.win32\Debug.win32\CCDecorativeDisplay.obj
E:\leidota\cocos2d\cocos\editor-support\cocostudio\proj.win32\Debug.win32\CCDisplayFactory.obj
E:\leidota\cocos2d\cocos\editor-support\cocostudio\proj.win32\Debug.win32\CCDisplayManager.obj
E:\leidota\cocos2d\cocos\editor-support\cocostudio\proj.win32\Debug.win32\CCFrame.obj
E:\leidota\cocos2d\cocos\editor-support\cocostudio\proj.win32\Debug.win32\CCInputDelegate.obj
E:\leidota\cocos2d\cocos\editor-support\cocostudio\proj.win32\Debug.win32\CCNodeReader.obj
E:\leidota\cocos2d\cocos\editor-support\cocostudio\proj.win32\Debug.win32\CCProcessBase.obj
E:\leidota\cocos2d\cocos\editor-support\cocostudio\proj.win32\Debug.win32\CCSGUIReader.obj
E:\leidota\cocos2d\cocos\editor-support\cocostudio\proj.win32\Debug.win32\CCSkin.obj
E:\leidota\cocos2d\cocos\editor-support\cocostudio\proj.win32\Debug.win32\CCSpriteFrameCacheHelper.obj
E:\leidota\cocos2d\cocos\editor-support\cocostudio\proj.win32\Debug.win32\CCSSceneReader.obj
E:\leidota\cocos2d\cocos\editor-support\cocostudio\proj.win32\Debug.win32\CCTimeLine.obj
E:\leidota\cocos2d\cocos\editor-support\cocostudio\proj.win32\Debug.win32\CCTransformHelp.obj
E:\leidota\cocos2d\cocos\editor-support\cocostudio\proj.win32\Debug.win32\CCTween.obj
E:\leidota\cocos2d\cocos\editor-support\cocostudio\proj.win32\Debug.win32\CCUtilMath.obj
E:\leidota\cocos2d\cocos\editor-support\cocostudio\proj.win32\Debug.win32\CheckBoxReader.obj
E:\leidota\cocos2d\cocos\editor-support\cocostudio\proj.win32\Debug.win32\CocoLoader.obj
E:\leidota\cocos2d\cocos\editor-support\cocostudio\proj.win32\Debug.win32\DictionaryHelper.obj
E:\leidota\cocos2d\cocos\editor-support\cocostudio\proj.win32\Debug.win32\ImageViewReader.obj
E:\leidota\cocos2d\cocos\editor-support\cocostudio\proj.win32\Debug.win32\LayoutReader.obj
E:\leidota\cocos2d\cocos\editor-support\cocostudio\proj.win32\Debug.win32\ListViewReader.obj
E:\leidota\cocos2d\cocos\editor-support\cocostudio\proj.win32\Debug.win32\LoadingBarReader.obj
E:\leidota\cocos2d\cocos\editor-support\cocostudio\proj.win32\Debug.win32\PageViewReader.obj
E:\leidota\cocos2d\cocos\editor-support\cocostudio\proj.win32\Debug.win32\ScrollViewReader.obj
E:\leidota\cocos2d\cocos\editor-support\cocostudio\proj.win32\Debug.win32\SliderReader.obj
E:\leidota\cocos2d\cocos\editor-support\cocostudio\proj.win32\Debug.win32\TextAtlasReader.obj
E:\leidota\cocos2d\cocos\editor-support\cocostudio\proj.win32\Debug.win32\TextBMFontReader.obj
E:\leidota\cocos2d\cocos\editor-support\cocostudio\proj.win32\Debug.win32\TextFieldReader.obj
E:\leidota\cocos2d\cocos\editor-support\cocostudio\proj.win32\Debug.win32\TextReader.obj
E:\leidota\cocos2d\cocos\editor-support\cocostudio\proj.win32\Debug.win32\TriggerBase.obj
E:\leidota\cocos2d\cocos\editor-support\cocostudio\proj.win32\Debug.win32\TriggerMng.obj
E:\leidota\cocos2d\cocos\editor-support\cocostudio\proj.win32\Debug.win32\TriggerObj.obj
E:\leidota\cocos2d\cocos\editor-support\cocostudio\proj.win32\Debug.win32\WidgetReader.obj
E:\leidota\cocos2d\cocos\editor-support\cocostudio\proj.win32\Debug.win32\CL.4180.read.1.tlog
E:\leidota\cocos2d\cocos\editor-support\cocostudio\proj.win32\Debug.win32\CL.4180.write.1.tlog
E:\leidota\cocos2d\cocos\editor-support\cocostudio\proj.win32\Debug.win32\CL.4328.read.1.tlog
E:\leidota\cocos2d\cocos\editor-support\cocostudio\proj.win32\Debug.win32\CL.4328.write.1.tlog
E:\leidota\cocos2d\cocos\editor-support\cocostudio\proj.win32\Debug.win32\CL.5324.read.1.tlog
E:\leidota\cocos2d\cocos\editor-support\cocostudio\proj.win32\Debug.win32\CL.5324.write.1.tlog
E:\leidota\cocos2d\cocos\editor-support\cocostudio\proj.win32\Debug.win32\CL.6668.read.1.tlog
E:\leidota\cocos2d\cocos\editor-support\cocostudio\proj.win32\Debug.win32\CL.6668.write.1.tlog
E:\leidota\cocos2d\cocos\editor-support\cocostudio\proj.win32\Debug.win32\cl.command.1.tlog
E:\leidota\cocos2d\cocos\editor-support\cocostudio\proj.win32\Debug.win32\CL.read.1.tlog
E:\leidota\cocos2d\cocos\editor-support\cocostudio\proj.win32\Debug.win32\cl.write.1.tlog
E:\leidota\cocos2d\cocos\editor-support\cocostudio\proj.win32\Debug.win32\Lib-link.read.1.tlog
E:\leidota\cocos2d\cocos\editor-support\cocostudio\proj.win32\Debug.win32\Lib-link.write.1.tlog
E:\leidota\cocos2d\cocos\editor-support\cocostudio\proj.win32\Debug.win32\lib.command.1.tlog
E:\leidota\proj.win32\Debug.win32\libCocosStudio.lib
