E:\LEIDOTA\COCOS2D\COCOS\2D\DEBUG.WIN32\CONVERTUTFWRAPPER.OBJ
E:\LEIDOTA\COCOS2D\COCOS\2D\DEBUG.WIN32\TINYXML2.OBJ
E:\LEIDOTA\COCOS2D\COCOS\2D\DEBUG.WIN32\XXHASH.OBJ
E:\LEIDOTA\COCOS2D\COCOS\2D\DEBUG.WIN32\CCANIMATION3D.OBJ
E:\LEIDOTA\COCOS2D\COCOS\2D\DEBUG.WIN32\CCBUNDLE3D.OBJ
E:\LEIDOTA\COCOS2D\COCOS\2D\DEBUG.WIN32\CCMESHSKIN.OBJ
E:\LEIDOTA\COCOS2D\COCOS\2D\DEBUG.WIN32\CCOBJLOADER.OBJ
E:\LEIDOTA\COCOS2D\COCOS\2D\DEBUG.WIN32\CCSPRITE3DMATERIAL.OBJ
E:\LEIDOTA\COCOS2D\COCOS\2D\DEBUG.WIN32\CCCARRAY.OBJ
E:\LEIDOTA\COCOS2D\COCOS\2D\DEBUG.WIN32\CCCONSOLE.OBJ
E:\LEIDOTA\COCOS2D\COCOS\2D\DEBUG.WIN32\CCDIRECTOR.OBJ
E:\LEIDOTA\COCOS2D\COCOS\2D\DEBUG.WIN32\CCEVENTCUSTOM.OBJ
E:\LEIDOTA\COCOS2D\COCOS\2D\DEBUG.WIN32\CCEVENTFOCUS.OBJ
E:\LEIDOTA\COCOS2D\COCOS\2D\DEBUG.WIN32\CCEVENTKEYBOARD.OBJ
E:\LEIDOTA\COCOS2D\COCOS\2D\DEBUG.WIN32\CCEVENTLISTENER.OBJ
E:\LEIDOTA\COCOS2D\COCOS\2D\DEBUG.WIN32\CCEVENTLISTENERACCELERATION.OBJ
E:\LEIDOTA\COCOS2D\COCOS\2D\DEBUG.WIN32\CCEVENTLISTENERFOCUS.OBJ
E:\LEIDOTA\COCOS2D\COCOS\2D\DEBUG.WIN32\CCEVENTLISTENERMOUSE.OBJ
E:\LEIDOTA\COCOS2D\COCOS\2D\DEBUG.WIN32\CCEVENTLISTENERTOUCH.OBJ
E:\LEIDOTA\COCOS2D\COCOS\2D\DEBUG.WIN32\CCNS.OBJ
E:\LEIDOTA\COCOS2D\COCOS\2D\DEBUG.WIN32\CCREF.OBJ
E:\LEIDOTA\COCOS2D\COCOS\2D\DEBUG.WIN32\CCSCRIPTSUPPORT.OBJ
E:\LEIDOTA\COCOS2D\COCOS\2D\DEBUG.WIN32\CCTOUCH.OBJ
E:\LEIDOTA\COCOS2D\COCOS\2D\DEBUG.WIN32\CCUSERDEFAULT.OBJ
E:\LEIDOTA\COCOS2D\COCOS\2D\DEBUG.WIN32\CCUTILS.OBJ
E:\LEIDOTA\COCOS2D\COCOS\2D\DEBUG.WIN32\ETC1.OBJ
E:\LEIDOTA\COCOS2D\COCOS\2D\DEBUG.WIN32\OBJECTFACTORY.OBJ
E:\LEIDOTA\COCOS2D\COCOS\2D\DEBUG.WIN32\S3TC.OBJ
E:\LEIDOTA\COCOS2D\COCOS\2D\DEBUG.WIN32\ZIPUTILS.OBJ
E:\LEIDOTA\COCOS2D\COCOS\2D\DEBUG.WIN32\COCOS2D.OBJ
E:\LEIDOTA\COCOS2D\COCOS\2D\DEBUG.WIN32\CCARRAY.OBJ
E:\LEIDOTA\COCOS2D\COCOS\2D\DEBUG.WIN32\CCDICTIONARY.OBJ
E:\LEIDOTA\COCOS2D\COCOS\2D\DEBUG.WIN32\CCNOTIFICATIONCENTER.OBJ
E:\LEIDOTA\COCOS2D\COCOS\2D\DEBUG.WIN32\CCSET.OBJ
E:\LEIDOTA\COCOS2D\COCOS\2D\DEBUG.WIN32\CCSTRING.OBJ
E:\LEIDOTA\COCOS2D\COCOS\2D\DEBUG.WIN32\CCGEOMETRY.OBJ
E:\LEIDOTA\COCOS2D\COCOS\2D\DEBUG.WIN32\MATHUTIL.OBJ
E:\LEIDOTA\COCOS2D\COCOS\2D\DEBUG.WIN32\TRANSFORMUTILS.OBJ
E:\LEIDOTA\COCOS2D\COCOS\2D\DEBUG.WIN32\VEC3.OBJ
E:\LEIDOTA\COCOS2D\COCOS\2D\DEBUG.WIN32\CCPHYSICSBODY.OBJ
E:\LEIDOTA\COCOS2D\COCOS\2D\DEBUG.WIN32\CCPHYSICSJOINT.OBJ
E:\LEIDOTA\COCOS2D\COCOS\2D\DEBUG.WIN32\CCPHYSICSBODYINFO_CHIPMUNK.OBJ
E:\LEIDOTA\COCOS2D\COCOS\2D\DEBUG.WIN32\CCPHYSICSCONTACTINFO_CHIPMUNK.OBJ
E:\LEIDOTA\COCOS2D\COCOS\2D\DEBUG.WIN32\CCPHYSICSJOINTINFO_CHIPMUNK.OBJ
E:\LEIDOTA\COCOS2D\COCOS\2D\DEBUG.WIN32\CCPHYSICSSHAPEINFO_CHIPMUNK.OBJ
E:\LEIDOTA\COCOS2D\COCOS\2D\DEBUG.WIN32\CCPHYSICSWORLDINFO_CHIPMUNK.OBJ
E:\LEIDOTA\COCOS2D\COCOS\2D\DEBUG.WIN32\CCGLVIEWPROTOCOL.OBJ
E:\LEIDOTA\COCOS2D\COCOS\2D\DEBUG.WIN32\CCSAXPARSER.OBJ
E:\LEIDOTA\COCOS2D\COCOS\2D\DEBUG.WIN32\CCTHREAD.OBJ
E:\LEIDOTA\COCOS2D\COCOS\2D\DEBUG.WIN32\CCAPPLICATION.OBJ
E:\LEIDOTA\COCOS2D\COCOS\2D\DEBUG.WIN32\CCFILEUTILSWIN32.OBJ
E:\LEIDOTA\COCOS2D\COCOS\2D\DEBUG.WIN32\CCCUSTOMCOMMAND.OBJ
E:\LEIDOTA\COCOS2D\COCOS\2D\DEBUG.WIN32\CCGLPROGRAMCACHE.OBJ
E:\LEIDOTA\COCOS2D\COCOS\2D\DEBUG.WIN32\CCGLPROGRAMSTATECACHE.OBJ
E:\LEIDOTA\COCOS2D\COCOS\2D\DEBUG.WIN32\CCGLSTATECACHE.OBJ
E:\LEIDOTA\COCOS2D\COCOS\2D\DEBUG.WIN32\CCMESHCOMMAND.OBJ
E:\LEIDOTA\COCOS2D\COCOS\2D\DEBUG.WIN32\CCRENDERER.OBJ
E:\LEIDOTA\COCOS2D\COCOS\2D\DEBUG.WIN32\CCTEXTUREATLAS.OBJ
E:\LEIDOTA\COCOS2D\COCOS\2D\DEBUG.WIN32\CCACTION.OBJ
E:\LEIDOTA\COCOS2D\COCOS\2D\DEBUG.WIN32\CCACTIONCATMULLROM.OBJ
E:\LEIDOTA\COCOS2D\COCOS\2D\DEBUG.WIN32\CCACTIONGRID.OBJ
E:\LEIDOTA\COCOS2D\COCOS\2D\DEBUG.WIN32\CCACTIONINSTANT.OBJ
E:\LEIDOTA\COCOS2D\COCOS\2D\DEBUG.WIN32\CCACTIONMANAGER.OBJ
E:\LEIDOTA\COCOS2D\COCOS\2D\DEBUG.WIN32\CCACTIONPROGRESSTIMER.OBJ
E:\LEIDOTA\COCOS2D\COCOS\2D\DEBUG.WIN32\CCACTIONTWEEN.OBJ
E:\LEIDOTA\COCOS2D\COCOS\2D\DEBUG.WIN32\CCANIMATION.OBJ
E:\LEIDOTA\COCOS2D\COCOS\2D\DEBUG.WIN32\CCATLASNODE.OBJ
E:\LEIDOTA\COCOS2D\COCOS\2D\DEBUG.WIN32\CCCOMPONENT.OBJ
E:\LEIDOTA\COCOS2D\COCOS\2D\DEBUG.WIN32\CCDRAWNODE.OBJ
E:\LEIDOTA\COCOS2D\COCOS\2D\DEBUG.WIN32\CCFASTTMXTILEDMAP.OBJ
E:\LEIDOTA\COCOS2D\COCOS\2D\DEBUG.WIN32\CCFONT.OBJ
E:\LEIDOTA\COCOS2D\COCOS\2D\DEBUG.WIN32\CCFONTATLASCACHE.OBJ
E:\LEIDOTA\COCOS2D\COCOS\2D\DEBUG.WIN32\CCFONTFNT.OBJ
E:\LEIDOTA\COCOS2D\COCOS\2D\DEBUG.WIN32\CCGLBUFFEREDNODE.OBJ
E:\LEIDOTA\COCOS2D\COCOS\2D\DEBUG.WIN32\CCGRABBER.OBJ
E:\LEIDOTA\COCOS2D\COCOS\2D\DEBUG.WIN32\CCLABEL.OBJ
E:\LEIDOTA\COCOS2D\COCOS\2D\DEBUG.WIN32\CCLABELBMFONT.OBJ
E:\LEIDOTA\COCOS2D\COCOS\2D\DEBUG.WIN32\CCLABELTTF.OBJ
E:\LEIDOTA\COCOS2D\COCOS\2D\DEBUG.WIN32\CCMENU.OBJ
E:\LEIDOTA\COCOS2D\COCOS\2D\DEBUG.WIN32\CCMOTIONSTREAK.OBJ
E:\LEIDOTA\COCOS2D\COCOS\2D\DEBUG.WIN32\CCNODEGRID.OBJ
E:\LEIDOTA\COCOS2D\COCOS\2D\DEBUG.WIN32\CCPARALLAXNODE.OBJ
E:\LEIDOTA\COCOS2D\COCOS\2D\DEBUG.WIN32\CCPARTICLEEXAMPLES.OBJ
E:\LEIDOTA\COCOS2D\COCOS\2D\DEBUG.WIN32\CCPARTICLESYSTEMQUAD.OBJ
E:\LEIDOTA\COCOS2D\COCOS\2D\DEBUG.WIN32\CCRENDERTEXTURE.OBJ
E:\LEIDOTA\COCOS2D\COCOS\2D\DEBUG.WIN32\CCSPRITE.OBJ
E:\LEIDOTA\COCOS2D\COCOS\2D\DEBUG.WIN32\CCSPRITEFRAME.OBJ
E:\LEIDOTA\COCOS2D\COCOS\2D\DEBUG.WIN32\CCTEXTFIELDTTF.OBJ
E:\LEIDOTA\COCOS2D\COCOS\2D\DEBUG.WIN32\CCTMXLAYER.OBJ
E:\LEIDOTA\COCOS2D\COCOS\2D\DEBUG.WIN32\CCTMXTILEDMAP.OBJ
E:\LEIDOTA\COCOS2D\COCOS\2D\DEBUG.WIN32\CCTRANSITION.OBJ
E:\LEIDOTA\COCOS2D\COCOS\2D\DEBUG.WIN32\CCTWEENFUNCTION.OBJ
E:\LEIDOTA\COCOS2D\COCOS\2D\DEBUG.WIN32\CONVERTUTF.OBJ
E:\LEIDOTA\COCOS2D\COCOS\2D\DEBUG.WIN32\EDTAA3FUNC.OBJ
E:\LEIDOTA\COCOS2D\COCOS\2D\DEBUG.WIN32\IOAPI.OBJ
E:\LEIDOTA\COCOS2D\COCOS\2D\DEBUG.WIN32\UNZIP.OBJ
E:\LEIDOTA\COCOS2D\COCOS\2D\DEBUG.WIN32\CCANIMATE3D.OBJ
E:\LEIDOTA\COCOS2D\COCOS\2D\DEBUG.WIN32\CCBUNDLEREADER.OBJ
E:\LEIDOTA\COCOS2D\COCOS\2D\DEBUG.WIN32\CCMESH.OBJ
E:\LEIDOTA\COCOS2D\COCOS\2D\DEBUG.WIN32\CCSPRITE3D.OBJ
E:\LEIDOTA\COCOS2D\COCOS\2D\DEBUG.WIN32\ATITC.OBJ
E:\LEIDOTA\COCOS2D\COCOS\2D\DEBUG.WIN32\BASE64.OBJ
E:\LEIDOTA\COCOS2D\COCOS\2D\DEBUG.WIN32\CCAUTORELEASEPOOL.OBJ
E:\LEIDOTA\COCOS2D\COCOS\2D\DEBUG.WIN32\CCCONFIGURATION.OBJ
E:\LEIDOTA\COCOS2D\COCOS\2D\DEBUG.WIN32\CCDATA.OBJ
E:\LEIDOTA\COCOS2D\COCOS\2D\DEBUG.WIN32\CCDATAVISITOR.OBJ
E:\LEIDOTA\COCOS2D\COCOS\2D\DEBUG.WIN32\CCEVENT.OBJ
E:\LEIDOTA\COCOS2D\COCOS\2D\DEBUG.WIN32\CCEVENTACCELERATION.OBJ
E:\LEIDOTA\COCOS2D\COCOS\2D\DEBUG.WIN32\CCEVENTDISPATCHER.OBJ
E:\LEIDOTA\COCOS2D\COCOS\2D\DEBUG.WIN32\CCEVENTLISTENERCUSTOM.OBJ
E:\LEIDOTA\COCOS2D\COCOS\2D\DEBUG.WIN32\CCEVENTLISTENERKEYBOARD.OBJ
E:\LEIDOTA\COCOS2D\COCOS\2D\DEBUG.WIN32\CCEVENTMOUSE.OBJ
E:\LEIDOTA\COCOS2D\COCOS\2D\DEBUG.WIN32\CCEVENTTOUCH.OBJ
E:\LEIDOTA\COCOS2D\COCOS\2D\DEBUG.WIN32\CCFPSIMAGES.OBJ
E:\LEIDOTA\COCOS2D\COCOS\2D\DEBUG.WIN32\CCIMEDISPATCHER.OBJ
E:\LEIDOTA\COCOS2D\COCOS\2D\DEBUG.WIN32\CCPROFILING.OBJ
E:\LEIDOTA\COCOS2D\COCOS\2D\DEBUG.WIN32\CCSCHEDULER.OBJ
E:\LEIDOTA\COCOS2D\COCOS\2D\DEBUG.WIN32\CCTYPES.OBJ
E:\LEIDOTA\COCOS2D\COCOS\2D\DEBUG.WIN32\CCUTF8.OBJ
E:\LEIDOTA\COCOS2D\COCOS\2D\DEBUG.WIN32\CCVALUE.OBJ
E:\LEIDOTA\COCOS2D\COCOS\2D\DEBUG.WIN32\TGALIB.OBJ
E:\LEIDOTA\COCOS2D\COCOS\2D\DEBUG.WIN32\CCDEPRECATED.OBJ
E:\LEIDOTA\COCOS2D\COCOS\2D\DEBUG.WIN32\CCAFFINETRANSFORM.OBJ
E:\LEIDOTA\COCOS2D\COCOS\2D\DEBUG.WIN32\CCVERTEX.OBJ
E:\LEIDOTA\COCOS2D\COCOS\2D\DEBUG.WIN32\MAT4.OBJ
E:\LEIDOTA\COCOS2D\COCOS\2D\DEBUG.WIN32\QUATERNION.OBJ
E:\LEIDOTA\COCOS2D\COCOS\2D\DEBUG.WIN32\VEC2.OBJ
E:\LEIDOTA\COCOS2D\COCOS\2D\DEBUG.WIN32\VEC4.OBJ
E:\LEIDOTA\COCOS2D\COCOS\2D\DEBUG.WIN32\CCPHYSICSCONTACT.OBJ
E:\LEIDOTA\COCOS2D\COCOS\2D\DEBUG.WIN32\CCPHYSICSSHAPE.OBJ
E:\LEIDOTA\COCOS2D\COCOS\2D\DEBUG.WIN32\CCPHYSICSWORLD.OBJ
E:\LEIDOTA\COCOS2D\COCOS\2D\DEBUG.WIN32\CCFILEUTILS.OBJ
E:\LEIDOTA\COCOS2D\COCOS\2D\DEBUG.WIN32\CCIMAGE.OBJ
E:\LEIDOTA\COCOS2D\COCOS\2D\DEBUG.WIN32\CCGLVIEW.OBJ
E:\LEIDOTA\COCOS2D\COCOS\2D\DEBUG.WIN32\CCCOMMON.OBJ
E:\LEIDOTA\COCOS2D\COCOS\2D\DEBUG.WIN32\CCDEVICE.OBJ
E:\LEIDOTA\COCOS2D\COCOS\2D\DEBUG.WIN32\CCSTDC.OBJ
E:\LEIDOTA\COCOS2D\COCOS\2D\DEBUG.WIN32\CCBATCHCOMMAND.OBJ
E:\LEIDOTA\COCOS2D\COCOS\2D\DEBUG.WIN32\CCGLPROGRAM.OBJ
E:\LEIDOTA\COCOS2D\COCOS\2D\DEBUG.WIN32\CCGLPROGRAMSTATE.OBJ
E:\LEIDOTA\COCOS2D\COCOS\2D\DEBUG.WIN32\CCGROUPCOMMAND.OBJ
E:\LEIDOTA\COCOS2D\COCOS\2D\DEBUG.WIN32\CCQUADCOMMAND.OBJ
E:\LEIDOTA\COCOS2D\COCOS\2D\DEBUG.WIN32\CCRENDERCOMMAND.OBJ
E:\LEIDOTA\COCOS2D\COCOS\2D\DEBUG.WIN32\CCSHADERS.OBJ
E:\LEIDOTA\COCOS2D\COCOS\2D\DEBUG.WIN32\CCTEXTURE2D.OBJ
E:\LEIDOTA\COCOS2D\COCOS\2D\DEBUG.WIN32\CCTEXTURECACHE.OBJ
E:\LEIDOTA\COCOS2D\COCOS\2D\DEBUG.WIN32\CCACTIONCAMERA.OBJ
E:\LEIDOTA\COCOS2D\COCOS\2D\DEBUG.WIN32\CCACTIONEASE.OBJ
E:\LEIDOTA\COCOS2D\COCOS\2D\DEBUG.WIN32\CCACTIONGRID3D.OBJ
E:\LEIDOTA\COCOS2D\COCOS\2D\DEBUG.WIN32\CCACTIONINTERVAL.OBJ
E:\LEIDOTA\COCOS2D\COCOS\2D\DEBUG.WIN32\CCACTIONPAGETURN3D.OBJ
E:\LEIDOTA\COCOS2D\COCOS\2D\DEBUG.WIN32\CCACTIONTILEDGRID.OBJ
E:\LEIDOTA\COCOS2D\COCOS\2D\DEBUG.WIN32\CCANIMATIONCACHE.OBJ
E:\LEIDOTA\COCOS2D\COCOS\2D\DEBUG.WIN32\CCCLIPPINGNODE.OBJ
E:\LEIDOTA\COCOS2D\COCOS\2D\DEBUG.WIN32\CCCOMPONENTCONTAINER.OBJ
E:\LEIDOTA\COCOS2D\COCOS\2D\DEBUG.WIN32\CCDRAWINGPRIMITIVES.OBJ
E:\LEIDOTA\COCOS2D\COCOS\2D\DEBUG.WIN32\CCFASTTMXLAYER.OBJ
E:\LEIDOTA\COCOS2D\COCOS\2D\DEBUG.WIN32\CCFONTATLAS.OBJ
E:\LEIDOTA\COCOS2D\COCOS\2D\DEBUG.WIN32\CCFONTCHARMAP.OBJ
E:\LEIDOTA\COCOS2D\COCOS\2D\DEBUG.WIN32\CCFONTFREETYPE.OBJ
E:\LEIDOTA\COCOS2D\COCOS\2D\DEBUG.WIN32\CCGRID.OBJ
E:\LEIDOTA\COCOS2D\COCOS\2D\DEBUG.WIN32\CCLABELATLAS.OBJ
E:\LEIDOTA\COCOS2D\COCOS\2D\DEBUG.WIN32\CCLABELTEXTFORMATTER.OBJ
E:\LEIDOTA\COCOS2D\COCOS\2D\DEBUG.WIN32\CCLAYER.OBJ
E:\LEIDOTA\COCOS2D\COCOS\2D\DEBUG.WIN32\CCMENUITEM.OBJ
E:\LEIDOTA\COCOS2D\COCOS\2D\DEBUG.WIN32\CCNODE.OBJ
E:\LEIDOTA\COCOS2D\COCOS\2D\DEBUG.WIN32\CCPARTICLEBATCHNODE.OBJ
E:\LEIDOTA\COCOS2D\COCOS\2D\DEBUG.WIN32\CCPARTICLESYSTEM.OBJ
E:\LEIDOTA\COCOS2D\COCOS\2D\DEBUG.WIN32\CCPROGRESSTIMER.OBJ
E:\LEIDOTA\COCOS2D\COCOS\2D\DEBUG.WIN32\CCSCENE.OBJ
E:\LEIDOTA\COCOS2D\COCOS\2D\DEBUG.WIN32\CCSPRITEBATCHNODE.OBJ
E:\LEIDOTA\COCOS2D\COCOS\2D\DEBUG.WIN32\CCSPRITEFRAMECACHE.OBJ
E:\LEIDOTA\COCOS2D\COCOS\2D\DEBUG.WIN32\CCTILEMAPATLAS.OBJ
E:\LEIDOTA\COCOS2D\COCOS\2D\DEBUG.WIN32\CCTMXOBJECTGROUP.OBJ
E:\LEIDOTA\COCOS2D\COCOS\2D\DEBUG.WIN32\CCTMXXMLPARSER.OBJ
E:\LEIDOTA\COCOS2D\COCOS\2D\DEBUG.WIN32\CCTRANSITIONPAGETURN.OBJ
E:\LEIDOTA\COCOS2D\COCOS\2D\DEBUG.WIN32\CCTRANSITIONPROGRESS.OBJ
E:\SWORDSMAN\PROJ.WIN32\DEBUG.WIN32\LIBCOCOS2D.LIB
E:\LEIDOTA\PROJ.WIN32\DEBUG.WIN32\LIBCOCOS2D.LIB
E:\leidota\cocos2d\cocos\2d\Debug.win32\atitc.obj
E:\leidota\cocos2d\cocos\2d\Debug.win32\base64.obj
E:\leidota\cocos2d\cocos\2d\Debug.win32\CCAction.obj
E:\leidota\cocos2d\cocos\2d\Debug.win32\CCActionCamera.obj
E:\leidota\cocos2d\cocos\2d\Debug.win32\CCActionCatmullRom.obj
E:\leidota\cocos2d\cocos\2d\Debug.win32\CCActionEase.obj
E:\leidota\cocos2d\cocos\2d\Debug.win32\CCActionGrid.obj
E:\leidota\cocos2d\cocos\2d\Debug.win32\CCActionGrid3D.obj
E:\leidota\cocos2d\cocos\2d\Debug.win32\CCActionInstant.obj
E:\leidota\cocos2d\cocos\2d\Debug.win32\CCActionInterval.obj
E:\leidota\cocos2d\cocos\2d\Debug.win32\CCActionManager.obj
E:\leidota\cocos2d\cocos\2d\Debug.win32\CCActionPageTurn3D.obj
E:\leidota\cocos2d\cocos\2d\Debug.win32\CCActionProgressTimer.obj
E:\leidota\cocos2d\cocos\2d\Debug.win32\CCActionTiledGrid.obj
E:\leidota\cocos2d\cocos\2d\Debug.win32\CCActionTween.obj
E:\leidota\cocos2d\cocos\2d\Debug.win32\CCAffineTransform.obj
E:\leidota\cocos2d\cocos\2d\Debug.win32\CCAnimate3D.obj
E:\leidota\cocos2d\cocos\2d\Debug.win32\CCAnimation.obj
E:\leidota\cocos2d\cocos\2d\Debug.win32\CCAnimation3D.obj
E:\leidota\cocos2d\cocos\2d\Debug.win32\CCAnimationCache.obj
E:\leidota\cocos2d\cocos\2d\Debug.win32\CCApplication.obj
E:\leidota\cocos2d\cocos\2d\Debug.win32\CCArray.obj
E:\leidota\cocos2d\cocos\2d\Debug.win32\CCAtlasNode.obj
E:\leidota\cocos2d\cocos\2d\Debug.win32\CCAutoreleasePool.obj
E:\leidota\cocos2d\cocos\2d\Debug.win32\CCBatchCommand.obj
E:\leidota\cocos2d\cocos\2d\Debug.win32\CCBundle3D.obj
E:\leidota\cocos2d\cocos\2d\Debug.win32\CCBundleReader.obj
E:\leidota\cocos2d\cocos\2d\Debug.win32\ccCArray.obj
E:\leidota\cocos2d\cocos\2d\Debug.win32\CCClippingNode.obj
E:\leidota\cocos2d\cocos\2d\Debug.win32\CCCommon.obj
E:\leidota\cocos2d\cocos\2d\Debug.win32\CCComponent.obj
E:\leidota\cocos2d\cocos\2d\Debug.win32\CCComponentContainer.obj
E:\leidota\cocos2d\cocos\2d\Debug.win32\CCConfiguration.obj
E:\leidota\cocos2d\cocos\2d\Debug.win32\CCConsole.obj
E:\leidota\cocos2d\cocos\2d\Debug.win32\CCCustomCommand.obj
E:\leidota\cocos2d\cocos\2d\Debug.win32\CCData.obj
E:\leidota\cocos2d\cocos\2d\Debug.win32\CCDataVisitor.obj
E:\leidota\cocos2d\cocos\2d\Debug.win32\CCDeprecated.obj
E:\leidota\cocos2d\cocos\2d\Debug.win32\CCDevice.obj
E:\leidota\cocos2d\cocos\2d\Debug.win32\CCDictionary.obj
E:\leidota\cocos2d\cocos\2d\Debug.win32\CCDirector.obj
E:\leidota\cocos2d\cocos\2d\Debug.win32\CCDrawingPrimitives.obj
E:\leidota\cocos2d\cocos\2d\Debug.win32\CCDrawNode.obj
E:\leidota\cocos2d\cocos\2d\Debug.win32\CCEvent.obj
E:\leidota\cocos2d\cocos\2d\Debug.win32\CCEventAcceleration.obj
E:\leidota\cocos2d\cocos\2d\Debug.win32\CCEventCustom.obj
E:\leidota\cocos2d\cocos\2d\Debug.win32\CCEventDispatcher.obj
E:\leidota\cocos2d\cocos\2d\Debug.win32\CCEventFocus.obj
E:\leidota\cocos2d\cocos\2d\Debug.win32\CCEventKeyboard.obj
E:\leidota\cocos2d\cocos\2d\Debug.win32\CCEventListener.obj
E:\leidota\cocos2d\cocos\2d\Debug.win32\CCEventListenerAcceleration.obj
E:\leidota\cocos2d\cocos\2d\Debug.win32\CCEventListenerCustom.obj
E:\leidota\cocos2d\cocos\2d\Debug.win32\CCEventListenerFocus.obj
E:\leidota\cocos2d\cocos\2d\Debug.win32\CCEventListenerKeyboard.obj
E:\leidota\cocos2d\cocos\2d\Debug.win32\CCEventListenerMouse.obj
E:\leidota\cocos2d\cocos\2d\Debug.win32\CCEventListenerTouch.obj
E:\leidota\cocos2d\cocos\2d\Debug.win32\CCEventMouse.obj
E:\leidota\cocos2d\cocos\2d\Debug.win32\CCEventTouch.obj
E:\leidota\cocos2d\cocos\2d\Debug.win32\CCFastTMXLayer.obj
E:\leidota\cocos2d\cocos\2d\Debug.win32\CCFastTMXTiledMap.obj
E:\leidota\cocos2d\cocos\2d\Debug.win32\CCFileUtils.obj
E:\leidota\cocos2d\cocos\2d\Debug.win32\CCFileUtilsWin32.obj
E:\leidota\cocos2d\cocos\2d\Debug.win32\CCFont.obj
E:\leidota\cocos2d\cocos\2d\Debug.win32\CCFontAtlas.obj
E:\leidota\cocos2d\cocos\2d\Debug.win32\CCFontAtlasCache.obj
E:\leidota\cocos2d\cocos\2d\Debug.win32\CCFontCharMap.obj
E:\leidota\cocos2d\cocos\2d\Debug.win32\CCFontFNT.obj
E:\leidota\cocos2d\cocos\2d\Debug.win32\CCFontFreeType.obj
E:\leidota\cocos2d\cocos\2d\Debug.win32\ccFPSImages.obj
E:\leidota\cocos2d\cocos\2d\Debug.win32\CCGeometry.obj
E:\leidota\cocos2d\cocos\2d\Debug.win32\CCGLBufferedNode.obj
E:\leidota\cocos2d\cocos\2d\Debug.win32\CCGLProgram.obj
E:\leidota\cocos2d\cocos\2d\Debug.win32\CCGLProgramCache.obj
E:\leidota\cocos2d\cocos\2d\Debug.win32\CCGLProgramState.obj
E:\leidota\cocos2d\cocos\2d\Debug.win32\CCGLProgramStateCache.obj
E:\leidota\cocos2d\cocos\2d\Debug.win32\ccGLStateCache.obj
E:\leidota\cocos2d\cocos\2d\Debug.win32\CCGLView.obj
E:\leidota\cocos2d\cocos\2d\Debug.win32\CCGLViewProtocol.obj
E:\leidota\cocos2d\cocos\2d\Debug.win32\CCGrabber.obj
E:\leidota\cocos2d\cocos\2d\Debug.win32\CCGrid.obj
E:\leidota\cocos2d\cocos\2d\Debug.win32\CCGroupCommand.obj
E:\leidota\cocos2d\cocos\2d\Debug.win32\CCImage.obj
E:\leidota\cocos2d\cocos\2d\Debug.win32\CCIMEDispatcher.obj
E:\leidota\cocos2d\cocos\2d\Debug.win32\CCLabel.obj
E:\leidota\cocos2d\cocos\2d\Debug.win32\CCLabelAtlas.obj
E:\leidota\cocos2d\cocos\2d\Debug.win32\CCLabelBMFont.obj
E:\leidota\cocos2d\cocos\2d\Debug.win32\CCLabelTextFormatter.obj
E:\leidota\cocos2d\cocos\2d\Debug.win32\CCLabelTTF.obj
E:\leidota\cocos2d\cocos\2d\Debug.win32\CCLayer.obj
E:\leidota\cocos2d\cocos\2d\Debug.win32\CCMenu.obj
E:\leidota\cocos2d\cocos\2d\Debug.win32\CCMenuItem.obj
E:\leidota\cocos2d\cocos\2d\Debug.win32\CCMesh.obj
E:\leidota\cocos2d\cocos\2d\Debug.win32\CCMeshCommand.obj
E:\leidota\cocos2d\cocos\2d\Debug.win32\CCMeshSkin.obj
E:\leidota\cocos2d\cocos\2d\Debug.win32\CCMotionStreak.obj
E:\leidota\cocos2d\cocos\2d\Debug.win32\CCNode.obj
E:\leidota\cocos2d\cocos\2d\Debug.win32\CCNodeGrid.obj
E:\leidota\cocos2d\cocos\2d\Debug.win32\CCNotificationCenter.obj
E:\leidota\cocos2d\cocos\2d\Debug.win32\CCNS.obj
E:\leidota\cocos2d\cocos\2d\Debug.win32\CCObjLoader.obj
E:\leidota\cocos2d\cocos\2d\Debug.win32\CCParallaxNode.obj
E:\leidota\cocos2d\cocos\2d\Debug.win32\CCParticleBatchNode.obj
E:\leidota\cocos2d\cocos\2d\Debug.win32\CCParticleExamples.obj
E:\leidota\cocos2d\cocos\2d\Debug.win32\CCParticleSystem.obj
E:\leidota\cocos2d\cocos\2d\Debug.win32\CCParticleSystemQuad.obj
E:\leidota\cocos2d\cocos\2d\Debug.win32\CCPhysicsBody.obj
E:\leidota\cocos2d\cocos\2d\Debug.win32\CCPhysicsBodyInfo_chipmunk.obj
E:\leidota\cocos2d\cocos\2d\Debug.win32\CCPhysicsContact.obj
E:\leidota\cocos2d\cocos\2d\Debug.win32\CCPhysicsContactInfo_chipmunk.obj
E:\leidota\cocos2d\cocos\2d\Debug.win32\CCPhysicsJoint.obj
E:\leidota\cocos2d\cocos\2d\Debug.win32\CCPhysicsJointInfo_chipmunk.obj
E:\leidota\cocos2d\cocos\2d\Debug.win32\CCPhysicsShape.obj
E:\leidota\cocos2d\cocos\2d\Debug.win32\CCPhysicsShapeInfo_chipmunk.obj
E:\leidota\cocos2d\cocos\2d\Debug.win32\CCPhysicsWorld.obj
E:\leidota\cocos2d\cocos\2d\Debug.win32\CCPhysicsWorldInfo_chipmunk.obj
E:\leidota\cocos2d\cocos\2d\Debug.win32\CCProfiling.obj
E:\leidota\cocos2d\cocos\2d\Debug.win32\CCProgressTimer.obj
E:\leidota\cocos2d\cocos\2d\Debug.win32\CCQuadCommand.obj
E:\leidota\cocos2d\cocos\2d\Debug.win32\CCRef.obj
E:\leidota\cocos2d\cocos\2d\Debug.win32\CCRenderCommand.obj
E:\leidota\cocos2d\cocos\2d\Debug.win32\CCRenderer.obj
E:\leidota\cocos2d\cocos\2d\Debug.win32\CCRenderTexture.obj
E:\leidota\cocos2d\cocos\2d\Debug.win32\CCSAXParser.obj
E:\leidota\cocos2d\cocos\2d\Debug.win32\CCScene.obj
E:\leidota\cocos2d\cocos\2d\Debug.win32\CCScheduler.obj
E:\leidota\cocos2d\cocos\2d\Debug.win32\CCScriptSupport.obj
E:\leidota\cocos2d\cocos\2d\Debug.win32\CCSet.obj
E:\leidota\cocos2d\cocos\2d\Debug.win32\ccShaders.obj
E:\leidota\cocos2d\cocos\2d\Debug.win32\CCSprite.obj
E:\leidota\cocos2d\cocos\2d\Debug.win32\CCSprite3D.obj
E:\leidota\cocos2d\cocos\2d\Debug.win32\CCSprite3DMaterial.obj
E:\leidota\cocos2d\cocos\2d\Debug.win32\CCSpriteBatchNode.obj
E:\leidota\cocos2d\cocos\2d\Debug.win32\CCSpriteFrame.obj
E:\leidota\cocos2d\cocos\2d\Debug.win32\CCSpriteFrameCache.obj
E:\leidota\cocos2d\cocos\2d\Debug.win32\CCStdC.obj
E:\leidota\cocos2d\cocos\2d\Debug.win32\CCString.obj
E:\leidota\cocos2d\cocos\2d\Debug.win32\CCTextFieldTTF.obj
E:\leidota\cocos2d\cocos\2d\Debug.win32\CCTexture2D.obj
E:\leidota\cocos2d\cocos\2d\Debug.win32\CCTextureAtlas.obj
E:\leidota\cocos2d\cocos\2d\Debug.win32\CCTextureCache.obj
E:\leidota\cocos2d\cocos\2d\Debug.win32\CCThread.obj
E:\leidota\cocos2d\cocos\2d\Debug.win32\CCTileMapAtlas.obj
E:\leidota\cocos2d\cocos\2d\Debug.win32\CCTMXLayer.obj
E:\leidota\cocos2d\cocos\2d\Debug.win32\CCTMXObjectGroup.obj
E:\leidota\cocos2d\cocos\2d\Debug.win32\CCTMXTiledMap.obj
E:\leidota\cocos2d\cocos\2d\Debug.win32\CCTMXXMLParser.obj
E:\leidota\cocos2d\cocos\2d\Debug.win32\CCTouch.obj
E:\leidota\cocos2d\cocos\2d\Debug.win32\CCTransition.obj
E:\leidota\cocos2d\cocos\2d\Debug.win32\CCTransitionPageTurn.obj
E:\leidota\cocos2d\cocos\2d\Debug.win32\CCTransitionProgress.obj
E:\leidota\cocos2d\cocos\2d\Debug.win32\CCTweenFunction.obj
E:\leidota\cocos2d\cocos\2d\Debug.win32\ccTypes.obj
E:\leidota\cocos2d\cocos\2d\Debug.win32\CCUserDefault.obj
E:\leidota\cocos2d\cocos\2d\Debug.win32\ccUTF8.obj
E:\leidota\cocos2d\cocos\2d\Debug.win32\ccUtils.obj
E:\leidota\cocos2d\cocos\2d\Debug.win32\CCValue.obj
E:\leidota\cocos2d\cocos\2d\Debug.win32\CCVertex.obj
E:\leidota\cocos2d\cocos\2d\Debug.win32\cocos2d.obj
E:\leidota\cocos2d\cocos\2d\Debug.win32\ConvertUTF.obj
E:\leidota\cocos2d\cocos\2d\Debug.win32\ConvertUTFWrapper.obj
E:\leidota\cocos2d\cocos\2d\Debug.win32\edtaa3func.obj
E:\leidota\cocos2d\cocos\2d\Debug.win32\etc1.obj
E:\leidota\cocos2d\cocos\2d\Debug.win32\ioapi.obj
E:\leidota\cocos2d\cocos\2d\Debug.win32\Mat4.obj
E:\leidota\cocos2d\cocos\2d\Debug.win32\MathUtil.obj
E:\leidota\cocos2d\cocos\2d\Debug.win32\ObjectFactory.obj
E:\leidota\cocos2d\cocos\2d\Debug.win32\Quaternion.obj
E:\leidota\cocos2d\cocos\2d\Debug.win32\s3tc.obj
E:\leidota\cocos2d\cocos\2d\Debug.win32\TGAlib.obj
E:\leidota\cocos2d\cocos\2d\Debug.win32\tinyxml2.obj
E:\leidota\cocos2d\cocos\2d\Debug.win32\TransformUtils.obj
E:\leidota\cocos2d\cocos\2d\Debug.win32\unzip.obj
E:\leidota\cocos2d\cocos\2d\Debug.win32\Vec2.obj
E:\leidota\cocos2d\cocos\2d\Debug.win32\Vec3.obj
E:\leidota\cocos2d\cocos\2d\Debug.win32\Vec4.obj
E:\leidota\cocos2d\cocos\2d\Debug.win32\xxhash.obj
E:\leidota\cocos2d\cocos\2d\Debug.win32\ZipUtils.obj
E:\leidota\cocos2d\cocos\2d\Debug.win32\CL.1232.read.1.tlog
E:\leidota\cocos2d\cocos\2d\Debug.win32\CL.1232.write.1.tlog
E:\leidota\cocos2d\cocos\2d\Debug.win32\CL.4888.read.1.tlog
E:\leidota\cocos2d\cocos\2d\Debug.win32\CL.4888.write.1.tlog
E:\leidota\cocos2d\cocos\2d\Debug.win32\CL.5352.read.1.tlog
E:\leidota\cocos2d\cocos\2d\Debug.win32\CL.5352.write.1.tlog
E:\leidota\cocos2d\cocos\2d\Debug.win32\cl.command.1.tlog
E:\leidota\cocos2d\cocos\2d\Debug.win32\CL.read.1.tlog
E:\leidota\cocos2d\cocos\2d\Debug.win32\cl.write.1.tlog
E:\leidota\cocos2d\cocos\2d\Debug.win32\Lib-link.read.1.tlog
E:\leidota\cocos2d\cocos\2d\Debug.win32\Lib-link.write.1.tlog
E:\leidota\cocos2d\cocos\2d\Debug.win32\lib.command.1.tlog
E:\leidota\proj.win32\Debug.win32\libcocos2d.lib
