E:\SWORDSMAN\COCOS2D\COCOS\AUDIO\PROJ.WIN32\DEBUG.WIN32\VC110.PDB
E:\LEIDOTA\COCOS2D\COCOS\AUDIO\PROJ.WIN32\DEBUG.WIN32\MCIPLAYER.OBJ
E:\LEIDOTA\COCOS2D\COCOS\AUDIO\PROJ.WIN32\DEBUG.WIN32\SIMPLEAUDIOENGINE.OBJ
E:\LEIDOTA\COCOS2D\COCOS\AUDIO\PROJ.WIN32\DEBUG.WIN32\VC110.PDB
E:\SWORDSMAN\PROJ.WIN32\DEBUG.WIN32\LIBAUDIO.LIB
E:\LEIDOTA\PROJ.WIN32\DEBUG.WIN32\LIBAUDIO.LIB
E:\leidota\cocos2d\cocos\audio\proj.win32\Debug.win32\MciPlayer.obj
E:\leidota\cocos2d\cocos\audio\proj.win32\Debug.win32\SimpleAudioEngine.obj
E:\leidota\cocos2d\cocos\audio\proj.win32\Debug.win32\CL.5128.read.1.tlog
E:\leidota\cocos2d\cocos\audio\proj.win32\Debug.win32\CL.5128.write.1.tlog
E:\leidota\cocos2d\cocos\audio\proj.win32\Debug.win32\CL.5732.read.1.tlog
E:\leidota\cocos2d\cocos\audio\proj.win32\Debug.win32\CL.5732.write.1.tlog
E:\leidota\cocos2d\cocos\audio\proj.win32\Debug.win32\CL.5876.read.1.tlog
E:\leidota\cocos2d\cocos\audio\proj.win32\Debug.win32\CL.5876.write.1.tlog
E:\leidota\cocos2d\cocos\audio\proj.win32\Debug.win32\CL.6104.read.1.tlog
E:\leidota\cocos2d\cocos\audio\proj.win32\Debug.win32\CL.6104.write.1.tlog
E:\leidota\cocos2d\cocos\audio\proj.win32\Debug.win32\cl.command.1.tlog
E:\leidota\cocos2d\cocos\audio\proj.win32\Debug.win32\CL.read.1.tlog
E:\leidota\cocos2d\cocos\audio\proj.win32\Debug.win32\cl.write.1.tlog
E:\leidota\cocos2d\cocos\audio\proj.win32\Debug.win32\Lib-link.read.1.tlog
E:\leidota\cocos2d\cocos\audio\proj.win32\Debug.win32\Lib-link.write.1.tlog
E:\leidota\cocos2d\cocos\audio\proj.win32\Debug.win32\lib.command.1.tlog
E:\leidota\cocos2d\cocos\audio\proj.win32\Debug.win32\vc110.idb
E:\leidota\cocos2d\cocos\audio\proj.win32\Debug.win32\vc110.pdb
E:\leidota\proj.win32\Debug.win32\libAudio.lib
